<?xml version="1.0" encoding="UTF-8"?>
<!-- Generated by org.testng.reporters.JUnitXMLReporter -->
<testsuite ignored="0" hostname="wse-108-74" failures="1" tests="1" name="Smoke Test" time="14.37" errors="0" timestamp="2023-01-20T17:42:49 MSK">
  <testcase classname="pageobject_model.test.HelloWebDriver" name="HomePageTest" time="12.76">
    <failure type="org.openqa.selenium.TimeoutException" message="Expected condition failed: waiting for pageobject_model.page.TvPage$$Lambda$404/0x0000000800382040@38320e34 (tried for 10 second(s) with 500 milliseconds interval)
Build info: version: &amp;apos;4.7.2&amp;apos;, revision: &amp;apos;4d4020c3b7&amp;apos;
System info: os.name: &amp;apos;Windows 10&amp;apos;, os.arch: &amp;apos;amd64&amp;apos;, os.version: &amp;apos;10.0&amp;apos;, java.version: &amp;apos;11.0.12&amp;apos;
Driver info: org.openqa.selenium.chrome.ChromeDriver
Capabilities {acceptInsecureCerts: false, browserName: chrome, browserVersion: 109.0.5414.75, chrome: {chromedriverVersion: 109.0.5414.74 (e7c5703604da..., userDataDir: C:\Users\ALIAKS~1.RAB\AppDa...}, goog:chromeOptions: {debuggerAddress: localhost:51009}, networkConnectionEnabled: false, pageLoadStrategy: normal, platformName: WINDOWS, proxy: Proxy(), se:cdp: ws://localhost:51009/devtoo..., se:cdpVersion: 109.0.5414.75, setWindowRect: true, strictFileInteractability: false, timeouts: {implicit: 0, pageLoad: 300000, script: 30000}, unhandledPromptBehavior: dismiss and notify, webauthn:extension:credBlob: true, webauthn:extension:largeBlob: true, webauthn:virtualAuthenticators: true}
Session ID: 945f9f3892258f3d2dbe82313ac0fc2f">
      <![CDATA[org.openqa.selenium.TimeoutException: Expected condition failed: waiting for pageobject_model.page.TvPage$$Lambda$404/0x0000000800382040@38320e34 (tried for 10 second(s) with 500 milliseconds interval)
Build info: version: '4.7.2', revision: '4d4020c3b7'
System info: os.name: 'Windows 10', os.arch: 'amd64', os.version: '10.0', java.version: '11.0.12'
Driver info: org.openqa.selenium.chrome.ChromeDriver
Capabilities {acceptInsecureCerts: false, browserName: chrome, browserVersion: 109.0.5414.75, chrome: {chromedriverVersion: 109.0.5414.74 (e7c5703604da..., userDataDir: C:\Users\ALIAKS~1.RAB\AppDa...}, goog:chromeOptions: {debuggerAddress: localhost:51009}, networkConnectionEnabled: false, pageLoadStrategy: normal, platformName: WINDOWS, proxy: Proxy(), se:cdp: ws://localhost:51009/devtoo..., se:cdpVersion: 109.0.5414.75, setWindowRect: true, strictFileInteractability: false, timeouts: {implicit: 0, pageLoad: 300000, script: 30000}, unhandledPromptBehavior: dismiss and notify, webauthn:extension:credBlob: true, webauthn:extension:largeBlob: true, webauthn:virtualAuthenticators: true}
Session ID: 945f9f3892258f3d2dbe82313ac0fc2f
at org.openqa.selenium.support.ui.WebDriverWait.timeoutException(WebDriverWait.java:87)
at org.openqa.selenium.support.ui.FluentWait.until(FluentWait.java:231)
at pageobject_model.page.TvPage.selectTvMaker(TvPage.java:22)
at pageobject_model.test.HelloWebDriver.HomePageTest(HelloWebDriver.java:43)
at java.base/java.util.ArrayList.forEach(ArrayList.java:1541)
... Removed 31 stack frames]]>
    </failure>
  </testcase> <!-- HomePageTest -->
</testsuite> <!-- Smoke Test -->
